2015-12-29 00:25:07 Error: [MissingActionException] Action AdminController::edit_produto() could not be found.
Exception Attributes: array (
  'controller' => 'AdminController',
  'action' => 'edit_produto',
)
Request URL: /bolha/Admin/edit_produto/4
Stack Trace:
#0 C:\wamp\www\bolha\lib\Cake\Routing\Dispatcher.php(193): Controller->invokeAction(Object(CakeRequest))
#1 C:\wamp\www\bolha\lib\Cake\Routing\Dispatcher.php(167): Dispatcher->_invoke(Object(AdminController), Object(CakeRequest))
#2 C:\wamp\www\bolha\app\webroot\index.php(118): Dispatcher->dispatch(Object(CakeRequest), Object(CakeResponse))
#3 {main}
2015-12-29 00:27:40 Error: [MissingActionException] Action AdminController::edit_produto() could not be found.
Exception Attributes: array (
  'controller' => 'AdminController',
  'action' => 'edit_produto',
)
Request URL: /bolha/Admin/edit_produto/4
Stack Trace:
#0 C:\wamp\www\bolha\lib\Cake\Routing\Dispatcher.php(193): Controller->invokeAction(Object(CakeRequest))
#1 C:\wamp\www\bolha\lib\Cake\Routing\Dispatcher.php(167): Dispatcher->_invoke(Object(AdminController), Object(CakeRequest))
#2 C:\wamp\www\bolha\app\webroot\index.php(118): Dispatcher->dispatch(Object(CakeRequest), Object(CakeResponse))
#3 {main}
2015-12-29 00:38:38 Error: Fatal Error (4): syntax error, unexpected 'public' (T_PUBLIC) in [C:\wamp\www\bolha\app\Controller\AdminController.php, line 96]
2015-12-29 00:38:38 Error: [FatalErrorException] syntax error, unexpected 'public' (T_PUBLIC)
Request URL: /bolha/admin/
Stack Trace:
#0 C:\wamp\www\bolha\lib\Cake\Error\ErrorHandler.php(213): ErrorHandler::handleFatalError(4, 'syntax error, u...', 'C:\\wamp\\www\\bol...', 96)
#1 [internal function]: ErrorHandler::handleError(4, 'syntax error, u...', 'C:\\wamp\\www\\bol...', 96, Array)
#2 C:\wamp\www\bolha\lib\Cake\Core\App.php(933): call_user_func('ErrorHandler::h...', 4, 'syntax error, u...', 'C:\\wamp\\www\\bol...', 96, Array)
#3 C:\wamp\www\bolha\lib\Cake\Core\App.php(906): App::_checkFatalError()
#4 [internal function]: App::shutdown()
#5 {main}
2015-12-29 00:38:42 Error: Fatal Error (4): syntax error, unexpected 'public' (T_PUBLIC) in [C:\wamp\www\bolha\app\Controller\AdminController.php, line 96]
2015-12-29 00:38:42 Error: [FatalErrorException] syntax error, unexpected 'public' (T_PUBLIC)
Request URL: /bolha/admin/
Stack Trace:
#0 C:\wamp\www\bolha\lib\Cake\Error\ErrorHandler.php(213): ErrorHandler::handleFatalError(4, 'syntax error, u...', 'C:\\wamp\\www\\bol...', 96)
#1 [internal function]: ErrorHandler::handleError(4, 'syntax error, u...', 'C:\\wamp\\www\\bol...', 96, Array)
#2 C:\wamp\www\bolha\lib\Cake\Core\App.php(933): call_user_func('ErrorHandler::h...', 4, 'syntax error, u...', 'C:\\wamp\\www\\bol...', 96, Array)
#3 C:\wamp\www\bolha\lib\Cake\Core\App.php(906): App::_checkFatalError()
#4 [internal function]: App::shutdown()
#5 {main}
2015-12-29 00:46:09 Error: Fatal Error (4): syntax error, unexpected '=>' (T_DOUBLE_ARROW) in [C:\wamp\www\bolha\app\View\Admin\index_cliente.ctp, line 37]
2015-12-29 00:46:09 Error: [FatalErrorException] syntax error, unexpected '=>' (T_DOUBLE_ARROW)
Request URL: /bolha/admin/index_cliente
Stack Trace:
#0 C:\wamp\www\bolha\lib\Cake\Error\ErrorHandler.php(213): ErrorHandler::handleFatalError(4, 'syntax error, u...', 'C:\\wamp\\www\\bol...', 37)
#1 [internal function]: ErrorHandler::handleError(4, 'syntax error, u...', 'C:\\wamp\\www\\bol...', 37, Array)
#2 C:\wamp\www\bolha\lib\Cake\Core\App.php(933): call_user_func('ErrorHandler::h...', 4, 'syntax error, u...', 'C:\\wamp\\www\\bol...', 37, Array)
#3 C:\wamp\www\bolha\lib\Cake\Core\App.php(906): App::_checkFatalError()
#4 [internal function]: App::shutdown()
#5 {main}
2015-12-29 00:46:39 Error: Fatal Error (4): syntax error, unexpected '=>' (T_DOUBLE_ARROW) in [C:\wamp\www\bolha\app\View\Admin\index_cliente.ctp, line 37]
2015-12-29 00:46:39 Error: [FatalErrorException] syntax error, unexpected '=>' (T_DOUBLE_ARROW)
Request URL: /bolha/admin/index_cliente
Stack Trace:
#0 C:\wamp\www\bolha\lib\Cake\Error\ErrorHandler.php(213): ErrorHandler::handleFatalError(4, 'syntax error, u...', 'C:\\wamp\\www\\bol...', 37)
#1 [internal function]: ErrorHandler::handleError(4, 'syntax error, u...', 'C:\\wamp\\www\\bol...', 37, Array)
#2 C:\wamp\www\bolha\lib\Cake\Core\App.php(933): call_user_func('ErrorHandler::h...', 4, 'syntax error, u...', 'C:\\wamp\\www\\bol...', 37, Array)
#3 C:\wamp\www\bolha\lib\Cake\Core\App.php(906): App::_checkFatalError()
#4 [internal function]: App::shutdown()
#5 {main}
2015-12-29 00:46:43 Error: Fatal Error (4): syntax error, unexpected '=>' (T_DOUBLE_ARROW) in [C:\wamp\www\bolha\app\View\Admin\index_cliente.ctp, line 37]
2015-12-29 00:46:43 Error: [FatalErrorException] syntax error, unexpected '=>' (T_DOUBLE_ARROW)
Request URL: /bolha/admin/index_cliente
Stack Trace:
#0 C:\wamp\www\bolha\lib\Cake\Error\ErrorHandler.php(213): ErrorHandler::handleFatalError(4, 'syntax error, u...', 'C:\\wamp\\www\\bol...', 37)
#1 [internal function]: ErrorHandler::handleError(4, 'syntax error, u...', 'C:\\wamp\\www\\bol...', 37, Array)
#2 C:\wamp\www\bolha\lib\Cake\Core\App.php(933): call_user_func('ErrorHandler::h...', 4, 'syntax error, u...', 'C:\\wamp\\www\\bol...', 37, Array)
#3 C:\wamp\www\bolha\lib\Cake\Core\App.php(906): App::_checkFatalError()
#4 [internal function]: App::shutdown()
#5 {main}
2015-12-29 01:00:31 Error: [PDOException] SQLSTATE[23000]: Integrity constraint violation: 1452 Cannot add or update a child row: a foreign key constraint fails (`bolha`.`produtos`, CONSTRAINT `categoria` FOREIGN KEY (`categoria`) REFERENCES `categorias` (`id`) ON DELETE NO ACTION ON UPDATE NO ACTION)
Request URL: /bolha/admin/add_produto
Stack Trace:
#0 C:\wamp\www\bolha\lib\Cake\Model\Datasource\DboSource.php(461): PDOStatement->execute(Array)
#1 C:\wamp\www\bolha\lib\Cake\Model\Datasource\DboSource.php(427): DboSource->_execute('INSERT INTO `bo...', Array)
#2 C:\wamp\www\bolha\lib\Cake\Model\Datasource\DboSource.php(1014): DboSource->execute('INSERT INTO `bo...')
#3 C:\wamp\www\bolha\lib\Cake\Model\Model.php(1928): DboSource->create(Object(Produto), Array, Array)
#4 C:\wamp\www\bolha\lib\Cake\Model\Model.php(1751): Model->_doSave(Array, Array)
#5 C:\wamp\www\bolha\app\Controller\AdminController.php(68): Model->save(Array)
#6 [internal function]: AdminController->add_produto()
#7 C:\wamp\www\bolha\lib\Cake\Controller\Controller.php(490): ReflectionMethod->invokeArgs(Object(AdminController), Array)
#8 C:\wamp\www\bolha\lib\Cake\Routing\Dispatcher.php(193): Controller->invokeAction(Object(CakeRequest))
#9 C:\wamp\www\bolha\lib\Cake\Routing\Dispatcher.php(167): Dispatcher->_invoke(Object(AdminController), Object(CakeRequest))
#10 C:\wamp\www\bolha\app\webroot\index.php(118): Dispatcher->dispatch(Object(CakeRequest), Object(CakeResponse))
#11 {main}
2015-12-29 01:00:58 Error: [PDOException] SQLSTATE[23000]: Integrity constraint violation: 1452 Cannot add or update a child row: a foreign key constraint fails (`bolha`.`produtos`, CONSTRAINT `categoria` FOREIGN KEY (`categoria`) REFERENCES `categorias` (`id`) ON DELETE NO ACTION ON UPDATE NO ACTION)
Request URL: /bolha/admin/add_produto
Stack Trace:
#0 C:\wamp\www\bolha\lib\Cake\Model\Datasource\DboSource.php(461): PDOStatement->execute(Array)
#1 C:\wamp\www\bolha\lib\Cake\Model\Datasource\DboSource.php(427): DboSource->_execute('INSERT INTO `bo...', Array)
#2 C:\wamp\www\bolha\lib\Cake\Model\Datasource\DboSource.php(1014): DboSource->execute('INSERT INTO `bo...')
#3 C:\wamp\www\bolha\lib\Cake\Model\Model.php(1928): DboSource->create(Object(Produto), Array, Array)
#4 C:\wamp\www\bolha\lib\Cake\Model\Model.php(1751): Model->_doSave(Array, Array)
#5 C:\wamp\www\bolha\app\Controller\AdminController.php(68): Model->save(Array)
#6 [internal function]: AdminController->add_produto()
#7 C:\wamp\www\bolha\lib\Cake\Controller\Controller.php(490): ReflectionMethod->invokeArgs(Object(AdminController), Array)
#8 C:\wamp\www\bolha\lib\Cake\Routing\Dispatcher.php(193): Controller->invokeAction(Object(CakeRequest))
#9 C:\wamp\www\bolha\lib\Cake\Routing\Dispatcher.php(167): Dispatcher->_invoke(Object(AdminController), Object(CakeRequest))
#10 C:\wamp\www\bolha\app\webroot\index.php(118): Dispatcher->dispatch(Object(CakeRequest), Object(CakeResponse))
#11 {main}
2015-12-29 01:11:48 Error: [PDOException] SQLSTATE[23000]: Integrity constraint violation: 1452 Cannot add or update a child row: a foreign key constraint fails (`bolha`.`produtos`, CONSTRAINT `categoria` FOREIGN KEY (`categoria`) REFERENCES `categorias` (`id`) ON DELETE NO ACTION ON UPDATE NO ACTION)
Request URL: /bolha/admin/add_produto
Stack Trace:
#0 C:\wamp\www\bolha\lib\Cake\Model\Datasource\DboSource.php(461): PDOStatement->execute(Array)
#1 C:\wamp\www\bolha\lib\Cake\Model\Datasource\DboSource.php(427): DboSource->_execute('INSERT INTO `bo...', Array)
#2 C:\wamp\www\bolha\lib\Cake\Model\Datasource\DboSource.php(1014): DboSource->execute('INSERT INTO `bo...')
#3 C:\wamp\www\bolha\lib\Cake\Model\Model.php(1928): DboSource->create(Object(Produto), Array, Array)
#4 C:\wamp\www\bolha\lib\Cake\Model\Model.php(1751): Model->_doSave(Array, Array)
#5 C:\wamp\www\bolha\app\Controller\AdminController.php(68): Model->save(Array)
#6 [internal function]: AdminController->add_produto()
#7 C:\wamp\www\bolha\lib\Cake\Controller\Controller.php(490): ReflectionMethod->invokeArgs(Object(AdminController), Array)
#8 C:\wamp\www\bolha\lib\Cake\Routing\Dispatcher.php(193): Controller->invokeAction(Object(CakeRequest))
#9 C:\wamp\www\bolha\lib\Cake\Routing\Dispatcher.php(167): Dispatcher->_invoke(Object(AdminController), Object(CakeRequest))
#10 C:\wamp\www\bolha\app\webroot\index.php(118): Dispatcher->dispatch(Object(CakeRequest), Object(CakeResponse))
#11 {main}
2015-12-29 01:13:04 Error: [PDOException] SQLSTATE[23000]: Integrity constraint violation: 1452 Cannot add or update a child row: a foreign key constraint fails (`bolha`.`produtos`, CONSTRAINT `categoria` FOREIGN KEY (`categoria`) REFERENCES `categorias` (`id`) ON DELETE NO ACTION ON UPDATE NO ACTION)
Request URL: /bolha/admin/add_produto
Stack Trace:
#0 C:\wamp\www\bolha\lib\Cake\Model\Datasource\DboSource.php(461): PDOStatement->execute(Array)
#1 C:\wamp\www\bolha\lib\Cake\Model\Datasource\DboSource.php(427): DboSource->_execute('INSERT INTO `bo...', Array)
#2 C:\wamp\www\bolha\lib\Cake\Model\Datasource\DboSource.php(1014): DboSource->execute('INSERT INTO `bo...')
#3 C:\wamp\www\bolha\lib\Cake\Model\Model.php(1928): DboSource->create(Object(Produto), Array, Array)
#4 C:\wamp\www\bolha\lib\Cake\Model\Model.php(1751): Model->_doSave(Array, Array)
#5 C:\wamp\www\bolha\app\Controller\AdminController.php(68): Model->save(Array)
#6 [internal function]: AdminController->add_produto()
#7 C:\wamp\www\bolha\lib\Cake\Controller\Controller.php(490): ReflectionMethod->invokeArgs(Object(AdminController), Array)
#8 C:\wamp\www\bolha\lib\Cake\Routing\Dispatcher.php(193): Controller->invokeAction(Object(CakeRequest))
#9 C:\wamp\www\bolha\lib\Cake\Routing\Dispatcher.php(167): Dispatcher->_invoke(Object(AdminController), Object(CakeRequest))
#10 C:\wamp\www\bolha\app\webroot\index.php(118): Dispatcher->dispatch(Object(CakeRequest), Object(CakeResponse))
#11 {main}
2015-12-29 01:13:21 Error: [PDOException] SQLSTATE[23000]: Integrity constraint violation: 1452 Cannot add or update a child row: a foreign key constraint fails (`bolha`.`produtos`, CONSTRAINT `categoria` FOREIGN KEY (`categoria`) REFERENCES `categorias` (`id`) ON DELETE NO ACTION ON UPDATE NO ACTION)
Request URL: /bolha/admin/add_produto
Stack Trace:
#0 C:\wamp\www\bolha\lib\Cake\Model\Datasource\DboSource.php(461): PDOStatement->execute(Array)
#1 C:\wamp\www\bolha\lib\Cake\Model\Datasource\DboSource.php(427): DboSource->_execute('INSERT INTO `bo...', Array)
#2 C:\wamp\www\bolha\lib\Cake\Model\Datasource\DboSource.php(1014): DboSource->execute('INSERT INTO `bo...')
#3 C:\wamp\www\bolha\lib\Cake\Model\Model.php(1928): DboSource->create(Object(Produto), Array, Array)
#4 C:\wamp\www\bolha\lib\Cake\Model\Model.php(1751): Model->_doSave(Array, Array)
#5 C:\wamp\www\bolha\app\Controller\AdminController.php(68): Model->save(Array)
#6 [internal function]: AdminController->add_produto()
#7 C:\wamp\www\bolha\lib\Cake\Controller\Controller.php(490): ReflectionMethod->invokeArgs(Object(AdminController), Array)
#8 C:\wamp\www\bolha\lib\Cake\Routing\Dispatcher.php(193): Controller->invokeAction(Object(CakeRequest))
#9 C:\wamp\www\bolha\lib\Cake\Routing\Dispatcher.php(167): Dispatcher->_invoke(Object(AdminController), Object(CakeRequest))
#10 C:\wamp\www\bolha\app\webroot\index.php(118): Dispatcher->dispatch(Object(CakeRequest), Object(CakeResponse))
#11 {main}
